

Version:	3.9
CmdLine:	C:\Users\mel1s\IdeaProjects\PDFSplitter\out\artifacts\PDFSplitter_jar\PDFSplitter.exe --l4j-debug
WOW64:		yes
Working dir:	C:\Users\mel1s\IdeaProjects\PDFSplitter\out\artifacts\PDFSplitter_jar\.
Bundled JRE:	C:\Program Files\Java\jdk-21
Check launcher:	C:\Program Files\Java\jdk-21\bin\javaw.exe (OK)
Launcher:	C:\Program Files\Java\jdk-21\bin\javaw.exe
Launcher args:	-jar "C:\Users\mel1s\IdeaProjects\PDFSplitter\out\artifacts\PDFSplitter_jar\PDFSplitter.exe"
Args length:	92/32768 chars
Exit code:	0


Version:	3.9
CmdLine:	C:\Users\mel1s\IdeaProjects\PDFSplitter\out\artifacts\PDFSplitter_jar\PDFSplitter.exe --l4j-debug
WOW64:		yes
Working dir:	C:\Users\mel1s\IdeaProjects\PDFSplitter\out\artifacts\PDFSplitter_jar\.
Bundled JRE:	C:\Program Files\Java\jdk-21
Check launcher:	C:\Program Files\Java\jdk-21\bin\javaw.exe (OK)
Add classpath:	C:\Program Files\Java\javafx-sdk-21.0.2\lib
Launcher:	C:\Program Files\Java\jdk-21\bin\javaw.exe
Launcher args:	-classpath "C:\Users\mel1s\IdeaProjects\PDFSplitter\out\artifacts\PDFSplitter_jar\PDFSplitter.exe;C:\Program Files\Java\javafx-sdk-21.0.2\lib" com.example.pdfsplitter.HelloApplication
Args length:	183/32768 chars
Exit code:	0


Version:	3.9
CmdLine:	C:\Users\mel1s\IdeaProjects\PDFSplitter\out\artifacts\PDFSplitter_jar\PDFSplitter.exe --l4j-debug
WOW64:		yes
Working dir:	C:\Users\mel1s\IdeaProjects\PDFSplitter\out\artifacts\PDFSplitter_jar\.
Bundled JRE:	C:\Program Files\Java\jdk-21
Check launcher:	C:\Program Files\Java\jdk-21\bin\javaw.exe (OK)
Add classpath:	C:\Program Files\Java\javafx-sdk-21.0.2\lib
Launcher:	C:\Program Files\Java\jdk-21\bin\javaw.exe
Launcher args:	-classpath "C:\Users\mel1s\IdeaProjects\PDFSplitter\out\artifacts\PDFSplitter_jar\PDFSplitter.exe;C:\Program Files\Java\javafx-sdk-21.0.2\lib" com.example.pdfsplitter.HelloApplication
Args length:	183/32768 chars
Exit code:	0


Version:	3.9
CmdLine:	C:\Users\mel1s\IdeaProjects\PDFSplitter\out\artifacts\PDFSplitter_jar\PDFSplitter.exe --l4j-debug
WOW64:		yes
Working dir:	C:\Users\mel1s\IdeaProjects\PDFSplitter\out\artifacts\PDFSplitter_jar\.
Bundled JRE:	C:\Program Files\Java\jdk-21
Check launcher:	C:\Program Files\Java\jdk-21\bin\javaw.exe (OK)
Add classpath:	C:\Program Files\Java\javafx-sdk-21.0.2\lib
Launcher:	C:\Program Files\Java\jdk-21\bin\javaw.exe
Launcher args:	-classpath "C:\Users\mel1s\IdeaProjects\PDFSplitter\out\artifacts\PDFSplitter_jar\PDFSplitter.exe;C:\Program Files\Java\javafx-sdk-21.0.2\lib" com.example.pdfsplitter.HelloApplication
Args length:	183/32768 chars
Exit code:	0


Version:	3.9
CmdLine:	C:\Users\mel1s\IdeaProjects\PDFSplitter\out\artifacts\PDFSplitter_jar\PDFSplitter.exe --l4j-debug
WOW64:		yes
Working dir:	C:\Users\mel1s\IdeaProjects\PDFSplitter\out\artifacts\PDFSplitter_jar\.
Bundled JRE:	C:\Program Files\Java\jdk-21
Check launcher:	C:\Program Files\Java\jdk-21\bin\javaw.exe (OK)
Add classpath:	C:\Program Files\Java\javafx-sdk-21.0.2\lib
Launcher:	C:\Program Files\Java\jdk-21\bin\javaw.exe
Launcher args:	-classpath "C:\Users\mel1s\IdeaProjects\PDFSplitter\out\artifacts\PDFSplitter_jar\PDFSplitter.exe;C:\Program Files\Java\javafx-sdk-21.0.2\lib" com.example.pdfsplitter.HelloApplication
Args length:	183/32768 chars
Exit code:	0


Version:	3.9
CmdLine:	C:\Users\mel1s\IdeaProjects\PDFSplitter\out\artifacts\PDFSplitter_jar\PDFSplitter.exe --l4j-debug
WOW64:		yes
Working dir:	C:\Users\mel1s\IdeaProjects\PDFSplitter\out\artifacts\PDFSplitter_jar\.
Bundled JRE:	C:\Program Files\Java\jdk-21
Check launcher:	C:\Program Files\Java\jdk-21\bin\javaw.exe (OK)
Add classpath:	C:\Program Files\Java\javafx-sdk-21.0.2\lib
Launcher:	C:\Program Files\Java\jdk-21\bin\javaw.exe
Launcher args:	-classpath "C:\Users\mel1s\IdeaProjects\PDFSplitter\out\artifacts\PDFSplitter_jar\PDFSplitter.exe;C:\Program Files\Java\javafx-sdk-21.0.2\lib" com.example.pdfsplitter.HelloApplication
Args length:	183/32768 chars
Exit code:	0


Version:	3.9
CmdLine:	C:\Users\mel1s\IdeaProjects\PDFSplitter\out\artifacts\PDFSplitter_jar\PDFSplitter.exe --l4j-debug
WOW64:		yes
Working dir:	C:\Users\mel1s\IdeaProjects\PDFSplitter\out\artifacts\PDFSplitter_jar\.
Bundled JRE:	C:\Program Files\Java\jdk-21
Check launcher:	C:\Program Files\Java\jdk-21\bin\javaw.exe (OK)
Add classpath:	C:\Program Files\Java\javafx-sdk-21.0.2\lib
Launcher:	C:\Program Files\Java\jdk-21\bin\javaw.exe
Launcher args:	-classpath "C:\Users\mel1s\IdeaProjects\PDFSplitter\out\artifacts\PDFSplitter_jar\PDFSplitter.exe;C:\Program Files\Java\javafx-sdk-21.0.2\lib" com.example.pdfsplitter.HelloApplication
Args length:	183/32768 chars
Exit code:	0


Version:	3.9
CmdLine:	C:\Users\mel1s\IdeaProjects\PDFSplitter\out\artifacts\PDFSplitter_jar\PDFSplitter.exe --l4j-debug
WOW64:		yes
Working dir:	C:\Users\mel1s\IdeaProjects\PDFSplitter\out\artifacts\PDFSplitter_jar\.
Bundled JRE:	C:\Program Files\Java\jdk-21
Check launcher:	C:\Program Files\Java\jdk-21\bin\javaw.exe (OK)
Add classpath:	C:\Program Files\Java\javafx-sdk-21.0.2\lib
Launcher:	C:\Program Files\Java\jdk-21\bin\javaw.exe
Launcher args:	-classpath "C:\Users\mel1s\IdeaProjects\PDFSplitter\out\artifacts\PDFSplitter_jar\PDFSplitter.exe;C:\Program Files\Java\javafx-sdk-21.0.2\lib" com.example.pdfsplitter.HelloApplication
Args length:	183/32768 chars
Exit code:	0


Version:	3.9
CmdLine:	C:\Users\mel1s\IdeaProjects\PDFSplitter\out\artifacts\PDFSplitter_jar\PDFSplitter.exe --l4j-debug
WOW64:		yes
Working dir:	C:\Users\mel1s\IdeaProjects\PDFSplitter\out\artifacts\PDFSplitter_jar\.
Bundled JRE:	C:\Program Files\Java\jdk-21
Check launcher:	C:\Program Files\Java\jdk-21\bin\javaw.exe (OK)
Add classpath:	C:\Program Files\Java\javafx-sdk-21.0.2\lib
Launcher:	C:\Program Files\Java\jdk-21\bin\javaw.exe
Launcher args:	-classpath "C:\Users\mel1s\IdeaProjects\PDFSplitter\out\artifacts\PDFSplitter_jar\PDFSplitter.exe;C:\Program Files\Java\javafx-sdk-21.0.2\lib" com.example.pdfsplitter.HelloApplication
Args length:	183/32768 chars
Exit code:	0


Version:	3.9
CmdLine:	C:\Users\mel1s\IdeaProjects\PDFSplitter\out\artifacts\PDFSplitter_jar\PDFSplitter.exe --l4j-debug
WOW64:		yes
Working dir:	C:\Users\mel1s\IdeaProjects\PDFSplitter\out\artifacts\PDFSplitter_jar\.
Bundled JRE:	C:\Program Files\Java\jdk-21
Check launcher:	C:\Program Files\Java\jdk-21\bin\javaw.exe (OK)
Add classpath:	C:\Program Files\Java\javafx-sdk-21.0.2\lib
Launcher:	C:\Program Files\Java\jdk-21\bin\javaw.exe
Launcher args:	-classpath "C:\Users\mel1s\IdeaProjects\PDFSplitter\out\artifacts\PDFSplitter_jar\PDFSplitter.exe;C:\Program Files\Java\javafx-sdk-21.0.2\lib" com.example.pdfsplitter.HelloApplication
Args length:	183/32768 chars
Exit code:	0


Version:	3.9
CmdLine:	C:\Users\mel1s\IdeaProjects\PDFSplitter\out\artifacts\PDFSplitter_jar\PDFSplitter.exe --l4j-debug
WOW64:		yes
Working dir:	C:\Users\mel1s\IdeaProjects\PDFSplitter\out\artifacts\PDFSplitter_jar\.
Bundled JRE:	C:\Program Files\Java\jdk-21
Check launcher:	C:\Program Files\Java\jdk-21\bin\javaw.exe (OK)
Add classpath:	C:\Program Files\Java\javafx-sdk-21.0.2\lib
Launcher:	C:\Program Files\Java\jdk-21\bin\javaw.exe
Launcher args:	-classpath "C:\Users\mel1s\IdeaProjects\PDFSplitter\out\artifacts\PDFSplitter_jar\PDFSplitter.exe;C:\Program Files\Java\javafx-sdk-21.0.2\lib" com.example.pdfsplitter.HelloApplication
Args length:	183/32768 chars
Exit code:	0


Version:	3.9
CmdLine:	C:\Users\mel1s\IdeaProjects\PDFSplitter\out\artifacts\PDFSplitter_jar\PDFSplitter.exe --l4j-debug
WOW64:		yes
Working dir:	C:\Users\mel1s\IdeaProjects\PDFSplitter\out\artifacts\PDFSplitter_jar\.
Bundled JRE:	C:\Program Files\Java\jdk-21
Check launcher:	C:\Program Files\Java\jdk-21\bin\javaw.exe (OK)
Add classpath:	C:\Program Files\Java\javafx-sdk-21.0.2\lib
Launcher:	C:\Program Files\Java\jdk-21\bin\javaw.exe
Launcher args:	-classpath "C:\Users\mel1s\IdeaProjects\PDFSplitter\out\artifacts\PDFSplitter_jar\PDFSplitter.exe;C:\Program Files\Java\javafx-sdk-21.0.2\lib" com.example.pdfsplitter.HelloApplication
Args length:	183/32768 chars
Exit code:	0


Version:	3.9
CmdLine:	C:\Users\mel1s\IdeaProjects\PDFSplitter\out\artifacts\PDFSplitter_jar\PDFSplitter.exe --l4j-debug
WOW64:		yes
Working dir:	C:\Users\mel1s\IdeaProjects\PDFSplitter\out\artifacts\PDFSplitter_jar\.
Bundled JRE:	C:\Program Files\Java\jdk-21
Check launcher:	C:\Program Files\Java\jdk-21\bin\javaw.exe (OK)
Launcher:	C:\Program Files\Java\jdk-21\bin\javaw.exe
Launcher args:	"JRE args": --module-path "[classpath]" --add-modules javafx.controls,javafx.fxml, ??? [classpath] - C:\Program Files\Java\javafx-sdk-21.0.2\lib -jar "C:\Users\mel1s\IdeaProjects\PDFSplitter\out\artifacts\PDFSplitter_jar\PDFSplitter.exe"
Args length:	237/32768 chars
Exit code:	0


Version:	3.9
CmdLine:	C:\Users\mel1s\IdeaProjects\PDFSplitter\out\artifacts\PDFSplitter_jar\PDFSplitter.exe --l4j-debug
WOW64:		yes
Working dir:	C:\Users\mel1s\IdeaProjects\PDFSplitter\out\artifacts\PDFSplitter_jar\.
Bundled JRE:	C:\Program Files\Java\jdk-21
Check launcher:	C:\Program Files\Java\jdk-21\bin\javaw.exe (OK)
Launcher:	C:\Program Files\Java\jdk-21\bin\javaw.exe
Launcher args:	"JRE args": --module-path "[classpath]" --add-modules javafx.controls,javafx.fxml, ??? [classpath] - C:\Program Files\Java\javafx-sdk-21.0.2\lib -jar "C:\Users\mel1s\IdeaProjects\PDFSplitter\out\artifacts\PDFSplitter_jar\PDFSplitter.exe"
Args length:	237/32768 chars
Exit code:	0


Version:	3.9
CmdLine:	C:\Users\mel1s\IdeaProjects\PDFSplitter\out\artifacts\PDFSplitter_jar\PDFSplitter.exe --l4j-debug
WOW64:		yes
Working dir:	C:\Users\mel1s\IdeaProjects\PDFSplitter\out\artifacts\PDFSplitter_jar\.
Bundled JRE:	C:\Program Files\Java\jdk-21
Check launcher:	C:\Program Files\Java\jdk-21\bin\javaw.exe (OK)
Launcher:	C:\Program Files\Java\jdk-21\bin\javaw.exe
Launcher args:	"JRE args": --module-path "[classpath]" --add-modules javafx.controls,javafx.fxml, ??? [classpath] - C:\Program Files\Java\javafx-sdk-21.0.2\lib -jar "C:\Users\mel1s\IdeaProjects\PDFSplitter\out\artifacts\PDFSplitter_jar\PDFSplitter.exe"
Args length:	237/32768 chars
Exit code:	0


Version:	3.9
CmdLine:	C:\Users\mel1s\IdeaProjects\PDFSplitter\out\artifacts\PDFSplitter_jar\PDFSplitter.exe --l4j-debug
WOW64:		yes
Working dir:	C:\Users\mel1s\IdeaProjects\PDFSplitter\out\artifacts\PDFSplitter_jar\.
Bundled JRE:	C:\Program Files\Java\jdk-21
Check launcher:	C:\Program Files\Java\jdk-21\bin\javaw.exe (OK)
Launcher:	C:\Program Files\Java\jdk-21\bin\javaw.exe
Launcher args:	"JRE args": --module-path "[classpath]" --add-modules javafx.controls,javafx.fxml, ??? [classpath] - C:\Program Files\Java\javafx-sdk-21.0.2\lib -jar "C:\Users\mel1s\IdeaProjects\PDFSplitter\out\artifacts\PDFSplitter_jar\PDFSplitter.exe"
Args length:	237/32768 chars
Exit code:	0


Version:	3.9
CmdLine:	C:\Users\mel1s\IdeaProjects\PDFSplitter\out\artifacts\PDFSplitter_jar\PDFSplitter.exe --l4j-debug
WOW64:		yes
Working dir:	C:\Users\mel1s\IdeaProjects\PDFSplitter\out\artifacts\PDFSplitter_jar\.
Bundled JRE:	C:\Program Files\Java\jdk-21
Check launcher:	C:\Program Files\Java\jdk-21\bin\javaw.exe (OK)
Launcher:	C:\Program Files\Java\jdk-21\bin\javaw.exe
Launcher args:	--module-path "[classpath]" --add-modules javafx.controls,javafx.fxml, ??? [classpath] - C:\Program Files\Java\javafx-sdk-21.0.2\lib -jar "C:\Users\mel1s\IdeaProjects\PDFSplitter\out\artifacts\PDFSplitter_jar\PDFSplitter.exe"
Args length:	225/32768 chars
Exit code:	0


Version:	3.9
CmdLine:	C:\Users\mel1s\IdeaProjects\PDFSplitter\out\artifacts\PDFSplitter_jar\PDFSplitter.exe --l4j-debug
WOW64:		yes
Working dir:	C:\Users\mel1s\IdeaProjects\PDFSplitter\out\artifacts\PDFSplitter_jar\.
Bundled JRE:	C:\Program Files\Java\jdk-21
Check launcher:	C:\Program Files\Java\jdk-21\bin\javaw.exe (OK)
Launcher:	C:\Program Files\Java\jdk-21\bin\javaw.exe
Launcher args:	--module-path C:\Program Files\Java\javafx-sdk-21.0.2\lib --add-modules javafx.controls,javafx.fxml -jar "C:\Users\mel1s\IdeaProjects\PDFSplitter\out\artifacts\PDFSplitter_jar\PDFSplitter.exe"
Args length:	192/32768 chars
Exit code:	0


Version:	3.9
CmdLine:	C:\Users\mel1s\IdeaProjects\PDFSplitter\out\artifacts\PDFSplitter_jar\PDFSplitter.exe --l4j-debug
WOW64:		yes
Working dir:	C:\Users\mel1s\IdeaProjects\PDFSplitter\out\artifacts\PDFSplitter_jar\.
Bundled JRE:	C:\Program Files\Java\jdk-21
Check launcher:	C:\Program Files\Java\jdk-21\bin\javaw.exe (OK)
Launcher:	C:\Program Files\Java\jdk-21\bin\javaw.exe
Launcher args:	--module-path "C:\Program Files\Java\javafx-sdk-21.0.2\lib" --add-modules javafx.controls,javafx.fxml -jar .\PDFSplitter.jar -jar "C:\Users\mel1s\IdeaProjects\PDFSplitter\out\artifacts\PDFSplitter_jar\PDFSplitter.exe"
Args length:	217/32768 chars
Exit code:	0
